<?xml version="1.0" encoding="UTF-8"?>
<testng-results skipped="0" failed="0" total="1" passed="1">
  <reporter-output>
  </reporter-output>
  <suite name="Default suite" duration-ms="26416" started-at="2020-11-23T06:02:36Z" finished-at="2020-11-23T06:03:02Z">
    <groups>
    </groups>
    <test name="Default test" duration-ms="26416" started-at="2020-11-23T06:02:36Z" finished-at="2020-11-23T06:03:02Z">
      <class name="ParticipantDemos.GoAirTestCase">
        <test-method status="PASS" signature="GoAirTC1()[pri:0, instance:ParticipantDemos.GoAirTestCase@1888ff2c]" name="GoAirTC1" duration-ms="26393" started-at="2020-11-23T11:32:36Z" finished-at="2020-11-23T11:33:02Z">
          <reporter-output>
          </reporter-output>
        </test-method> <!-- GoAirTC1 -->
      </class> <!-- ParticipantDemos.GoAirTestCase -->
    </test> <!-- Default test -->
  </suite> <!-- Default suite -->
</testng-results>
